2019-03-10 07:29:12.189  INFO 14636 --- [main] com.example.demo.Main.RabbitMqHelloTest  : Starting RabbitMqHelloTest on LAPTOP-B6IHFTQQ with PID 14636 (started by admin in E:\spring boot\demo-master)
2019-03-10 07:29:12.285  INFO 14636 --- [main] com.example.demo.Main.RabbitMqHelloTest  : No active profile set, falling back to default profiles: default
2019-03-10 07:29:24.784  INFO 14636 --- [main] com.zaxxer.hikari.HikariDataSource       : HikariPool-1 - Starting...
2019-03-10 07:29:26.562  INFO 14636 --- [main] com.zaxxer.hikari.HikariDataSource       : HikariPool-1 - Start completed.
2019-03-10 07:29:37.467  WARN 14636 --- [main] org.thymeleaf.templatemode.TemplateMode  : [THYMELEAF][main] Template Mode 'LEGACYHTML5' is deprecated. Using Template Mode 'HTML' instead.
2019-03-10 07:29:40.211  INFO 14636 --- [main] com.example.demo.Main.RabbitMqHelloTest  : Started RabbitMqHelloTest in 30.172 seconds (JVM running for 39.613)
2019-03-10 07:29:44.661  INFO 14636 --- [Thread-3] com.zaxxer.hikari.HikariDataSource       : HikariPool-1 - Shutdown initiated...
2019-03-10 07:29:44.696  INFO 14636 --- [Thread-3] com.zaxxer.hikari.HikariDataSource       : HikariPool-1 - Shutdown completed.
2019-03-10 07:30:00.508  INFO 1936 --- [main] com.example.demo.Main.RabbitMqHelloTest  : Starting RabbitMqHelloTest on LAPTOP-B6IHFTQQ with PID 1936 (started by admin in E:\spring boot\demo-master)
2019-03-10 07:30:00.514  INFO 1936 --- [main] com.example.demo.Main.RabbitMqHelloTest  : No active profile set, falling back to default profiles: default
2019-03-10 07:30:06.153  INFO 1936 --- [main] com.zaxxer.hikari.HikariDataSource       : HikariPool-1 - Starting...
2019-03-10 07:30:06.648  INFO 1936 --- [main] com.zaxxer.hikari.HikariDataSource       : HikariPool-1 - Start completed.
2019-03-10 07:30:13.916  WARN 1936 --- [main] org.thymeleaf.templatemode.TemplateMode  : [THYMELEAF][main] Template Mode 'LEGACYHTML5' is deprecated. Using Template Mode 'HTML' instead.
2019-03-10 07:30:16.656  INFO 1936 --- [main] com.example.demo.Main.RabbitMqHelloTest  : Started RabbitMqHelloTest in 17.088 seconds (JVM running for 19.877)
2019-03-10 07:30:18.666  INFO 1936 --- [Thread-3] com.zaxxer.hikari.HikariDataSource       : HikariPool-1 - Shutdown initiated...
2019-03-10 07:30:18.685  INFO 1936 --- [Thread-3] com.zaxxer.hikari.HikariDataSource       : HikariPool-1 - Shutdown completed.
2019-03-10 07:31:08.894  INFO 1348 --- [main] com.example.demo.Main.RedisTest          : Starting RedisTest on LAPTOP-B6IHFTQQ with PID 1348 (started by admin in E:\spring boot\demo-master)
2019-03-10 07:31:08.902  INFO 1348 --- [main] com.example.demo.Main.RedisTest          : No active profile set, falling back to default profiles: default
2019-03-10 07:31:14.512  INFO 1348 --- [main] com.zaxxer.hikari.HikariDataSource       : HikariPool-1 - Starting...
2019-03-10 07:31:14.984  INFO 1348 --- [main] com.zaxxer.hikari.HikariDataSource       : HikariPool-1 - Start completed.
2019-03-10 07:31:21.526  WARN 1348 --- [main] org.thymeleaf.templatemode.TemplateMode  : [THYMELEAF][main] Template Mode 'LEGACYHTML5' is deprecated. Using Template Mode 'HTML' instead.
2019-03-10 07:31:23.735  INFO 1348 --- [main] com.example.demo.Main.RedisTest          : Started RedisTest in 15.729 seconds (JVM running for 18.171)
2019-03-10 07:31:24.508  INFO 1348 --- [main] io.lettuce.core.EpollProvider            : Starting without optional epoll library
2019-03-10 07:31:24.511  INFO 1348 --- [main] io.lettuce.core.KqueueProvider           : Starting without optional kqueue library
2019-03-10 07:31:29.869  INFO 1348 --- [Thread-3] com.zaxxer.hikari.HikariDataSource       : HikariPool-1 - Shutdown initiated...
2019-03-10 07:31:29.890  INFO 1348 --- [Thread-3] com.zaxxer.hikari.HikariDataSource       : HikariPool-1 - Shutdown completed.
2019-03-10 07:32:41.446  INFO 8228 --- [main] com.example.demo.Main.RedisTest          : Starting RedisTest on LAPTOP-B6IHFTQQ with PID 8228 (started by admin in E:\spring boot\demo-master)
2019-03-10 07:32:41.453  INFO 8228 --- [main] com.example.demo.Main.RedisTest          : No active profile set, falling back to default profiles: default
2019-03-10 07:32:47.776  INFO 8228 --- [main] com.zaxxer.hikari.HikariDataSource       : HikariPool-1 - Starting...
2019-03-10 07:32:48.369  INFO 8228 --- [main] com.zaxxer.hikari.HikariDataSource       : HikariPool-1 - Start completed.
2019-03-10 07:32:56.508  WARN 8228 --- [main] org.thymeleaf.templatemode.TemplateMode  : [THYMELEAF][main] Template Mode 'LEGACYHTML5' is deprecated. Using Template Mode 'HTML' instead.
2019-03-10 07:32:59.884  INFO 8228 --- [main] com.example.demo.Main.RedisTest          : Started RedisTest in 19.64 seconds (JVM running for 22.32)
2019-03-10 07:33:00.755  INFO 8228 --- [main] io.lettuce.core.EpollProvider            : Starting without optional epoll library
2019-03-10 07:33:00.764  INFO 8228 --- [main] io.lettuce.core.KqueueProvider           : Starting without optional kqueue library
2019-03-10 07:33:05.080  INFO 8228 --- [Thread-3] com.zaxxer.hikari.HikariDataSource       : HikariPool-1 - Shutdown initiated...
2019-03-10 07:33:05.095  INFO 8228 --- [Thread-3] com.zaxxer.hikari.HikariDataSource       : HikariPool-1 - Shutdown completed.
2019-03-10 07:33:24.247  INFO 9448 --- [main] com.example.demo.Main.RedisTest          : Starting RedisTest on LAPTOP-B6IHFTQQ with PID 9448 (started by admin in E:\spring boot\demo-master)
2019-03-10 07:33:24.253  INFO 9448 --- [main] com.example.demo.Main.RedisTest          : No active profile set, falling back to default profiles: default
2019-03-10 07:33:30.105  INFO 9448 --- [main] com.zaxxer.hikari.HikariDataSource       : HikariPool-1 - Starting...
2019-03-10 07:33:30.550  INFO 9448 --- [main] com.zaxxer.hikari.HikariDataSource       : HikariPool-1 - Start completed.
2019-03-10 07:33:35.350  WARN 9448 --- [main] org.thymeleaf.templatemode.TemplateMode  : [THYMELEAF][main] Template Mode 'LEGACYHTML5' is deprecated. Using Template Mode 'HTML' instead.
2019-03-10 07:33:38.017  INFO 9448 --- [main] com.example.demo.Main.RedisTest          : Started RedisTest in 14.625 seconds (JVM running for 18.062)
2019-03-10 07:33:38.710  INFO 9448 --- [main] io.lettuce.core.EpollProvider            : Starting without optional epoll library
2019-03-10 07:33:38.715  INFO 9448 --- [main] io.lettuce.core.KqueueProvider           : Starting without optional kqueue library
2019-03-10 07:33:48.157  INFO 9448 --- [Thread-3] com.zaxxer.hikari.HikariDataSource       : HikariPool-1 - Shutdown initiated...
2019-03-10 07:33:48.174  INFO 9448 --- [Thread-3] com.zaxxer.hikari.HikariDataSource       : HikariPool-1 - Shutdown completed.
2019-03-10 08:41:16.078  INFO 6908 --- [restartedMain] com.example.demo.DemoApplication         : Starting DemoApplication on LAPTOP-B6IHFTQQ with PID 6908 (started by admin in E:\spring boot\demo-master)
2019-03-10 08:41:16.124  INFO 6908 --- [restartedMain] com.example.demo.DemoApplication         : No active profile set, falling back to default profiles: default
2019-03-10 08:41:20.451  INFO 6908 --- [restartedMain] o.apache.catalina.core.StandardService   : Starting service [Tomcat]
2019-03-10 08:41:20.451  INFO 6908 --- [restartedMain] org.apache.catalina.core.StandardEngine  : Starting Servlet Engine: Apache Tomcat/8.5.28
2019-03-10 08:41:20.463  INFO 6908 --- [localhost-startStop-1] o.a.catalina.core.AprLifecycleListener   : The APR based Apache Tomcat Native library which allows optimal performance in production environments was not found on the java.library.path: [C:\Program Files\Java\jdk1.8.0_121\bin;C:\WINDOWS\Sun\Java\bin;C:\WINDOWS\system32;C:\WINDOWS;C:\product\11.2.0\dbhome_1\bin;C:\Program Files (x86)\Intel\iCLS Client\;C:\Program Files\Intel\iCLS Client\;C:\WINDOWS\system32;C:\WINDOWS;C:\WINDOWS\System32\Wbem;C:\WINDOWS\System32\WindowsPowerShell\v1.0\;C:\Program Files (x86)\Intel\Intel(R) Management Engine Components\DAL;C:\Program Files\Intel\Intel(R) Management Engine Components\DAL;C:\Program Files (x86)\Intel\Intel(R) Management Engine Components\IPT;C:\Program Files\Intel\Intel(R) Management Engine Components\IPT;C:\Program Files (x86)\Microsoft SQL Server\100\Tools\Binn\;C:\Program Files\Microsoft SQL Server\100\Tools\Binn\;C:\Program Files\Microsoft SQL Server\100\DTS\Binn\;C:\Program Files (x86)\Microsoft SQL Server\100\Tools\Binn\VSShell\Common7\IDE\;C:\Program Files (x86)\Microsoft Visual Studio 9.0\Common7\IDE\PrivateAssemblies\;C:\Program Files (x86)\Microsoft SQL Server\100\DTS\Binn\;C:\Program Files\Java\jdk1.8.0_121\bin;C:\Program Files\Git\cmd;C:\Program Files\TortoiseSVN\bin;C:\WINDOWS\System32\OpenSSH\;D:\华泰保险项目\idea\apache-maven-3.2.5\bin;C:\Program Files\Intel\WiFi\bin\;C:\Program Files\Common Files\Intel\WirelessCommon\;E:\nodejs\;;C:\Users\admin\AppData\Local\Microsoft\WindowsApps;C:\Users\admin\AppData\Roaming\npm;.]
2019-03-10 08:41:21.275  INFO 6908 --- [localhost-startStop-1] org.apache.jasper.servlet.TldScanner     : At least one JAR was scanned for TLDs yet contained no TLDs. Enable debug logging for this logger for a complete list of JARs that were scanned but no TLDs were found in them. Skipping unneeded JARs during scanning can improve startup time and JSP compilation time.
2019-03-10 08:41:21.285  INFO 6908 --- [localhost-startStop-1] o.a.c.c.C.[Tomcat].[localhost].[/]       : Initializing Spring embedded WebApplicationContext
2019-03-10 08:41:21.962  INFO 6908 --- [restartedMain] com.zaxxer.hikari.HikariDataSource       : HikariPool-1 - Starting...
2019-03-10 08:41:22.530  INFO 6908 --- [restartedMain] com.zaxxer.hikari.HikariDataSource       : HikariPool-1 - Start completed.
2019-03-10 08:41:26.024  WARN 6908 --- [restartedMain] org.thymeleaf.templatemode.TemplateMode  : [THYMELEAF][restartedMain] Template Mode 'LEGACYHTML5' is deprecated. Using Template Mode 'HTML' instead.
2019-03-10 08:41:27.903  INFO 6908 --- [restartedMain] com.example.demo.DemoApplication         : Started DemoApplication in 12.622 seconds (JVM running for 13.441)
